<?xml version="1.0" encoding="UTF-8"?>
<!-- Generated by org.testng.reporters.JUnitReportReporter -->
<testsuite skipped="0" hostname="DESKTOP-BAT2JUI" name="qaclickacademy.appiumTest" tests="2" failures="0" timestamp="13 Jul 2018 13:43:24 GMT" time="0.001" errors="0">
  <testcase name="IOSApp" time="0.000" classname="qaclickacademy.appiumTest"/>
  <testcase name="nativeAppAndroid" time="0.001" classname="qaclickacademy.appiumTest"/>
</testsuite> <!-- qaclickacademy.appiumTest -->
