<?xml version="1.0" encoding="UTF-8"?>
<!-- Generated by org.testng.reporters.JUnitReportReporter -->
<testsuite skipped="0" hostname="DESKTOP-BAT2JUI" name="qaclickacademy.seleniumTest" tests="2" failures="0" timestamp="13 Jul 2018 13:43:42 GMT" time="0.001" errors="0">
  <testcase name="elementUi" time="0.001" classname="qaclickacademy.seleniumTest"/>
  <testcase name="BrowserAutomation" time="0.000" classname="qaclickacademy.seleniumTest"/>
</testsuite> <!-- qaclickacademy.seleniumTest -->
