<?xml version="1.0" encoding="UTF-8"?>
<!-- Generated by org.testng.reporters.JUnitReportReporter -->
<testsuite skipped="0" hostname="DESKTOP-BAT2JUI" name="qaclickacademy.restAPITest" tests="2" failures="0" timestamp="13 Jul 2018 13:43:42 GMT" time="0.009" errors="0">
  <testcase name="postJira" time="0.001" classname="qaclickacademy.restAPITest"/>
  <testcase name="deleteTwitter" time="0.008" classname="qaclickacademy.restAPITest"/>
</testsuite> <!-- qaclickacademy.restAPITest -->
